<?xml version="1.0" encoding="UTF-8"?>
<!-- Generated by org.testng.reporters.JUnitXMLReporter -->
<testsuite ignored="0" hostname="DESKTOP-PUJ2SID" failures="2" tests="3" name="Test" time="60.215" errors="0" timestamp="2024-03-13T16:31:20 IST">
  <testcase classname="Trademart_Testcases.Trademart_Login_TestClass" name="loginTest" time="14.947">
    <failure type="java.lang.AssertionError" message="expected [true] but found [false]">
      <![CDATA[java.lang.AssertionError: expected [true] but found [false]
at Trademart_Testcases.Trademart_Login_TestClass.loginTest(Trademart_Login_TestClass.java:65)
at java.base/java.util.ArrayList.forEach(ArrayList.java:1511)
... Removed 31 stack frames]]>
    </failure>
  </testcase> <!-- loginTest -->
  <testcase classname="Trademart_Testcases.Trademart_Login_TestClass" name="loginTest" time="12.988">
    <failure type="java.lang.AssertionError" message="expected [true] but found [false]">
      <![CDATA[java.lang.AssertionError: expected [true] but found [false]
at Trademart_Testcases.Trademart_Login_TestClass.loginTest(Trademart_Login_TestClass.java:65)
at java.base/java.util.ArrayList.forEach(ArrayList.java:1511)
... Removed 31 stack frames]]>
    </failure>
  </testcase> <!-- loginTest -->
  <testcase classname="Trademart_Testcases.Trademart_Login_TestClass" name="loginTest" time="11.401"/>
</testsuite> <!-- Test -->
