<?xml version="1.0" encoding="UTF-8"?>
<testng-results ignored="0" total="1" passed="1" failed="0" skipped="0">
  <reporter-output>
  </reporter-output>
  <suite started-at="2024-03-21T11:40:46 IST" name="Suite" finished-at="2024-03-21T11:42:41 IST" duration-ms="115625">
    <groups>
    </groups>
    <test started-at="2024-03-21T11:40:46 IST" name="Test" finished-at="2024-03-21T11:42:41 IST" duration-ms="115625">
      <class name="Trademart_Testcases.Trademart_Signup_TestClass">
        <test-method is-config="true" signature="openapplication(java.lang.String)[pri:0, instance:Trademart_Testcases.Trademart_Signup_TestClass@49139829]" started-at="2024-03-21T11:40:47 IST" name="openapplication" finished-at="2024-03-21T11:41:05 IST" duration-ms="18236" status="PASS">
          <params>
            <param index="0">
              <value>
                <![CDATA[chrome]]>
              </value>
            </param>
          </params>
          <reporter-output>
          </reporter-output>
        </test-method> <!-- openapplication -->
        <test-method signature="Signup_TestClass()[pri:0, instance:Trademart_Testcases.Trademart_Signup_TestClass@49139829]" started-at="2024-03-21T11:41:05 IST" name="Signup_TestClass" finished-at="2024-03-21T11:42:40 IST" duration-ms="95358" status="PASS">
          <reporter-output>
          </reporter-output>
        </test-method> <!-- Signup_TestClass -->
        <test-method is-config="true" signature="closeapplication()[pri:0, instance:Trademart_Testcases.Trademart_Signup_TestClass@49139829]" started-at="2024-03-21T11:42:41 IST" name="closeapplication" finished-at="2024-03-21T11:42:41 IST" duration-ms="740" status="PASS">
          <reporter-output>
          </reporter-output>
        </test-method> <!-- closeapplication -->
      </class> <!-- Trademart_Testcases.Trademart_Signup_TestClass -->
    </test> <!-- Test -->
  </suite> <!-- Suite -->
</testng-results>
