<?xml version="1.0" encoding="UTF-8"?>
<testng-results ignored="0" total="1" passed="1" failed="0" skipped="0">
  <reporter-output>
  </reporter-output>
  <suite started-at="2024-03-28T10:02:22 IST" name="Suite" finished-at="2024-03-28T10:04:49 IST" duration-ms="147694">
    <groups>
    </groups>
    <test started-at="2024-03-28T10:02:22 IST" name="Test" finished-at="2024-03-28T10:04:49 IST" duration-ms="147694">
      <class name="Trademart_Testcases.Trademart_ManageGroupandPhotoBank_TestClass">
        <test-method is-config="true" signature="openapplication(java.lang.String)[pri:0, instance:Trademart_Testcases.Trademart_ManageGroupandPhotoBank_TestClass@49139829]" started-at="2024-03-28T10:02:23 IST" name="openapplication" finished-at="2024-03-28T10:03:29 IST" duration-ms="65921" status="PASS">
          <params>
            <param index="0">
              <value>
                <![CDATA[chrome]]>
              </value>
            </param>
          </params>
          <reporter-output>
          </reporter-output>
        </test-method> <!-- openapplication -->
        <test-method signature="Trademart_ManageBuyingRequirementSeller()[pri:0, instance:Trademart_Testcases.Trademart_ManageGroupandPhotoBank_TestClass@49139829]" started-at="2024-03-28T10:03:29 IST" name="Trademart_ManageBuyingRequirementSeller" finished-at="2024-03-28T10:04:48 IST" duration-ms="78567" status="PASS">
          <reporter-output>
          </reporter-output>
        </test-method> <!-- Trademart_ManageBuyingRequirementSeller -->
        <test-method is-config="true" signature="closeapplication()[pri:0, instance:Trademart_Testcases.Trademart_ManageGroupandPhotoBank_TestClass@49139829]" started-at="2024-03-28T10:04:48 IST" name="closeapplication" finished-at="2024-03-28T10:04:49 IST" duration-ms="931" status="PASS">
          <reporter-output>
          </reporter-output>
        </test-method> <!-- closeapplication -->
      </class> <!-- Trademart_Testcases.Trademart_ManageGroupandPhotoBank_TestClass -->
    </test> <!-- Test -->
  </suite> <!-- Suite -->
</testng-results>
